<?xml version="1.0" encoding="UTF-8"?>
<!-- Generated by org.testng.reporters.JUnitReportReporter -->
<testsuite hostname="DESKTOP-VDBF0OQ" failures="0" tests="1" name="practice.SumValidation" time="1.923" errors="0" timestamp="2023-03-17T15:24:34 IST" skipped="0">
  <testcase classname="practice.SumValidation" name="sumOfCourses" time="1.923"/>
  <system-out/>
</testsuite> <!-- practice.SumValidation -->
