<?xml version="1.0" encoding="UTF-8"?>
<!-- Generated by org.testng.reporters.JUnitReportReporter -->
<testsuite hostname="DESKTOP-VDBF0OQ" failures="0" tests="6" name="practice.DynamicJson" time="3.697" errors="0" timestamp="2023-03-17T16:44:08 IST" skipped="0">
  <testcase classname="practice.DynamicJson" name="addBook" time="0.286"/>
  <system-out/>
  <testcase classname="practice.DynamicJson" name="addBook" time="2.360"/>
  <system-out/>
  <testcase classname="practice.DynamicJson" name="deleteBook" time="0.272"/>
  <system-out/>
  <testcase classname="practice.DynamicJson" name="addBook" time="0.271"/>
  <system-out/>
  <testcase classname="practice.DynamicJson" name="deleteBook" time="0.258"/>
  <system-out/>
  <testcase classname="practice.DynamicJson" name="deleteBook" time="0.250"/>
  <system-out/>
</testsuite> <!-- practice.DynamicJson -->
